[2024-11-18 08:41:56Z INFO HostContext] No proxy settings were found based on environmental variables (http_proxy/https_proxy/HTTP_PROXY/HTTPS_PROXY)
[2024-11-18 08:41:56Z INFO HostContext] Well known directory 'Bin': '/Users/chubo/Work/ReactNative_cicd/actions-runner/bin'
[2024-11-18 08:41:56Z INFO HostContext] Well known directory 'Root': '/Users/chubo/Work/ReactNative_cicd/actions-runner'
[2024-11-18 08:41:56Z INFO HostContext] Well known config file 'Credentials': '/Users/chubo/Work/ReactNative_cicd/actions-runner/.credentials'
[2024-11-18 08:41:56Z INFO HostContext] Well known directory 'Bin': '/Users/chubo/Work/ReactNative_cicd/actions-runner/bin'
[2024-11-18 08:41:56Z INFO HostContext] Well known directory 'Root': '/Users/chubo/Work/ReactNative_cicd/actions-runner'
[2024-11-18 08:41:56Z INFO HostContext] Well known config file 'Runner': '/Users/chubo/Work/ReactNative_cicd/actions-runner/.runner'
[2024-11-18 08:41:56Z INFO Listener] Runner is built for OSX (X64) - osx-x64.
[2024-11-18 08:41:56Z INFO Listener] RuntimeInformation: Darwin 23.1.0 Darwin Kernel Version 23.1.0: Mon Oct  9 21:28:12 PDT 2023; root:xnu-10002.41.9~6/RELEASE_ARM64_T8103.
[2024-11-18 08:41:56Z INFO Listener] Version: 2.321.0
[2024-11-18 08:41:56Z INFO Listener] Commit: e249007931b7c8e857797fa259c167f0bd4f997a
[2024-11-18 08:41:56Z INFO Listener] Culture: en-US
[2024-11-18 08:41:56Z INFO Listener] UI Culture: en-US
[2024-11-18 08:41:56Z INFO HostContext] Well known directory 'Bin': '/Users/chubo/Work/ReactNative_cicd/actions-runner/bin'
[2024-11-18 08:41:56Z INFO HostContext] Well known directory 'Root': '/Users/chubo/Work/ReactNative_cicd/actions-runner'
[2024-11-18 08:41:56Z INFO Listener] Validating directory permissions for: '/Users/chubo/Work/ReactNative_cicd/actions-runner'
[2024-11-18 08:41:56Z INFO CommandLineParser] Parse
[2024-11-18 08:41:56Z INFO CommandLineParser] Parsing 5 args
[2024-11-18 08:41:56Z INFO CommandLineParser] parsing argument
[2024-11-18 08:41:56Z INFO CommandLineParser] HasArgs: False
[2024-11-18 08:41:56Z INFO CommandLineParser] Adding Command: configure
[2024-11-18 08:41:56Z INFO CommandLineParser] parsing argument
[2024-11-18 08:41:56Z INFO CommandLineParser] HasArgs: True
[2024-11-18 08:41:56Z INFO CommandLineParser] arg: url
[2024-11-18 08:41:56Z INFO CommandLineParser] parsing argument
[2024-11-18 08:41:56Z INFO CommandLineParser] HasArgs: True
[2024-11-18 08:41:56Z INFO CommandLineParser] Adding option 'url': 'https://github.com/chubo274/ReactNative_cicd'
[2024-11-18 08:41:56Z INFO CommandLineParser] parsing argument
[2024-11-18 08:41:56Z INFO CommandLineParser] HasArgs: True
[2024-11-18 08:41:56Z INFO CommandLineParser] arg: token
[2024-11-18 08:41:56Z INFO CommandLineParser] parsing argument
[2024-11-18 08:41:56Z INFO CommandLineParser] HasArgs: True
[2024-11-18 08:41:56Z INFO CommandLineParser] Adding option 'token': '***'
[2024-11-18 08:41:56Z INFO Listener] Arguments parsed
[2024-11-18 08:41:56Z INFO Runner] ExecuteCommand
[2024-11-18 08:41:56Z INFO ConfigurationStore] currentAssemblyLocation: /Users/chubo/Work/ReactNative_cicd/actions-runner/bin/Runner.Listener.dll
[2024-11-18 08:41:56Z INFO HostContext] Well known directory 'Bin': '/Users/chubo/Work/ReactNative_cicd/actions-runner/bin'
[2024-11-18 08:41:56Z INFO ConfigurationStore] binPath: /Users/chubo/Work/ReactNative_cicd/actions-runner/bin
[2024-11-18 08:41:56Z INFO HostContext] Well known directory 'Bin': '/Users/chubo/Work/ReactNative_cicd/actions-runner/bin'
[2024-11-18 08:41:56Z INFO HostContext] Well known directory 'Root': '/Users/chubo/Work/ReactNative_cicd/actions-runner'
[2024-11-18 08:41:56Z INFO ConfigurationStore] RootFolder: /Users/chubo/Work/ReactNative_cicd/actions-runner
[2024-11-18 08:41:56Z INFO HostContext] Well known directory 'Bin': '/Users/chubo/Work/ReactNative_cicd/actions-runner/bin'
[2024-11-18 08:41:56Z INFO HostContext] Well known directory 'Root': '/Users/chubo/Work/ReactNative_cicd/actions-runner'
[2024-11-18 08:41:56Z INFO HostContext] Well known config file 'Runner': '/Users/chubo/Work/ReactNative_cicd/actions-runner/.runner'
[2024-11-18 08:41:56Z INFO ConfigurationStore] ConfigFilePath: /Users/chubo/Work/ReactNative_cicd/actions-runner/.runner
[2024-11-18 08:41:56Z INFO HostContext] Well known directory 'Bin': '/Users/chubo/Work/ReactNative_cicd/actions-runner/bin'
[2024-11-18 08:41:56Z INFO HostContext] Well known directory 'Root': '/Users/chubo/Work/ReactNative_cicd/actions-runner'
[2024-11-18 08:41:56Z INFO HostContext] Well known config file 'Credentials': '/Users/chubo/Work/ReactNative_cicd/actions-runner/.credentials'
[2024-11-18 08:41:56Z INFO ConfigurationStore] CredFilePath: /Users/chubo/Work/ReactNative_cicd/actions-runner/.credentials
[2024-11-18 08:41:56Z INFO HostContext] Well known directory 'Bin': '/Users/chubo/Work/ReactNative_cicd/actions-runner/bin'
[2024-11-18 08:41:56Z INFO HostContext] Well known directory 'Root': '/Users/chubo/Work/ReactNative_cicd/actions-runner'
[2024-11-18 08:41:56Z INFO HostContext] Well known config file 'MigratedCredentials': '/Users/chubo/Work/ReactNative_cicd/actions-runner/.credentials_migrated'
[2024-11-18 08:41:56Z INFO ConfigurationStore] MigratedCredFilePath: /Users/chubo/Work/ReactNative_cicd/actions-runner/.credentials_migrated
[2024-11-18 08:41:56Z INFO HostContext] Well known directory 'Bin': '/Users/chubo/Work/ReactNative_cicd/actions-runner/bin'
[2024-11-18 08:41:56Z INFO HostContext] Well known directory 'Root': '/Users/chubo/Work/ReactNative_cicd/actions-runner'
[2024-11-18 08:41:56Z INFO HostContext] Well known config file 'Service': '/Users/chubo/Work/ReactNative_cicd/actions-runner/.service'
[2024-11-18 08:41:56Z INFO ConfigurationStore] ServiceConfigFilePath: /Users/chubo/Work/ReactNative_cicd/actions-runner/.service
[2024-11-18 08:41:56Z INFO CommandSettings] Flag 'help': 'False'
[2024-11-18 08:41:56Z INFO CommandSettings] Flag 'version': 'False'
[2024-11-18 08:41:56Z INFO CommandSettings] Flag 'commit': 'False'
[2024-11-18 08:41:56Z INFO CommandSettings] Flag 'check': 'False'
[2024-11-18 08:41:56Z INFO CommandSettings] Command 'configure': 'True'
[2024-11-18 08:41:56Z INFO Terminal] WRITE LINE: 
[2024-11-18 08:41:56Z INFO Terminal] WRITE LINE: --------------------------------------------------------------------------------
[2024-11-18 08:41:56Z INFO Terminal] WRITE LINE: |        ____ _ _   _   _       _          _        _   _                      |
[2024-11-18 08:41:56Z INFO Terminal] WRITE LINE: |       / ___(_) |_| | | |_   _| |__      / \   ___| |_(_) ___  _ __  ___      |
[2024-11-18 08:41:56Z INFO Terminal] WRITE LINE: |      | |  _| | __| |_| | | | | '_ \    / _ \ / __| __| |/ _ \| '_ \/ __|     |
[2024-11-18 08:41:56Z INFO Terminal] WRITE LINE: |      | |_| | | |_|  _  | |_| | |_) |  / ___ \ (__| |_| | (_) | | | \__ \     |
[2024-11-18 08:41:56Z INFO Terminal] WRITE LINE: |       \____|_|\__|_| |_|\__,_|_.__/  /_/   \_\___|\__|_|\___/|_| |_|___/     |
[2024-11-18 08:41:56Z INFO Terminal] WRITE LINE: |                                                                              |
[2024-11-18 08:41:56Z INFO Terminal] WRITE: |                       
[2024-11-18 08:41:56Z INFO Terminal] WRITE: Self-hosted runner registration
[2024-11-18 08:41:56Z INFO Terminal] WRITE LINE:                         |
[2024-11-18 08:41:56Z INFO Terminal] WRITE LINE: |                                                                              |
[2024-11-18 08:41:56Z INFO Terminal] WRITE LINE: --------------------------------------------------------------------------------
[2024-11-18 08:41:56Z INFO ConfigurationManager] ConfigureAsync
[2024-11-18 08:41:56Z INFO CommandSettings] Flag 'generateServiceConfig': 'False'
[2024-11-18 08:41:56Z INFO ConfigurationStore] IsConfigured()
[2024-11-18 08:41:56Z INFO ConfigurationStore] IsConfigured: False
[2024-11-18 08:41:56Z INFO ConfigurationManager] Is configured: False
[2024-11-18 08:41:56Z INFO CommandSettings] Arg 'url': 'https://github.com/chubo274/ReactNative_cicd'
[2024-11-18 08:41:56Z INFO CommandSettings] Remove url from Arg dictionary.
[2024-11-18 08:41:56Z INFO CommandSettings] Arg 'token': '***'
[2024-11-18 08:41:56Z INFO CommandSettings] Remove token from Arg dictionary.
[2024-11-18 08:41:57Z INFO ConfigurationManager] Http response code: OK from 'POST https://api.github.com/actions/runner-registration' (E9EE:1A28E5:F167:FBBB:673AFDD5)
[2024-11-18 08:41:57Z INFO ConfigurationManager] Using V2 flow: False
[2024-11-18 08:41:57Z INFO ConfigurationManager] cred retrieved via GitHub auth
[2024-11-18 08:41:57Z INFO RunnerServer] EstablishVssConnection
[2024-11-18 08:41:57Z INFO RunnerServer] Establish connection with 100 seconds timeout.
[2024-11-18 08:41:57Z INFO GitHubActionsService] Starting operation Location.GetConnectionData
[2024-11-18 08:41:58Z INFO RunnerServer] EstablishVssConnection
[2024-11-18 08:41:58Z INFO RunnerServer] Establish connection with 60 seconds timeout.
[2024-11-18 08:41:58Z INFO GitHubActionsService] Starting operation Location.GetConnectionData
[2024-11-18 08:41:58Z INFO RunnerServer] EstablishVssConnection
[2024-11-18 08:41:58Z INFO RunnerServer] Establish connection with 60 seconds timeout.
[2024-11-18 08:41:58Z INFO GitHubActionsService] Starting operation Location.GetConnectionData
[2024-11-18 08:41:59Z INFO GitHubActionsService] Finished operation Location.GetConnectionData
[2024-11-18 08:41:59Z INFO GitHubActionsService] Finished operation Location.GetConnectionData
[2024-11-18 08:41:59Z INFO GitHubActionsService] Finished operation Location.GetConnectionData
[2024-11-18 08:41:59Z INFO Terminal] WRITE LINE: 
[2024-11-18 08:41:59Z INFO ConfigurationManager] Test Connection complete.
[2024-11-18 08:41:59Z INFO HostContext] Well known directory 'Bin': '/Users/chubo/Work/ReactNative_cicd/actions-runner/bin'
[2024-11-18 08:41:59Z INFO HostContext] Well known directory 'Root': '/Users/chubo/Work/ReactNative_cicd/actions-runner'
[2024-11-18 08:41:59Z INFO HostContext] Well known config file 'RSACredentials': '/Users/chubo/Work/ReactNative_cicd/actions-runner/.credentials_rsaparams'
[2024-11-18 08:41:59Z INFO RSAFileKeyManager] Creating new RSA key using 2048-bit key length
[2024-11-18 08:41:59Z INFO RSAFileKeyManager] Successfully saved RSA key parameters to file /Users/chubo/Work/ReactNative_cicd/actions-runner/.credentials_rsaparams
[2024-11-18 08:41:59Z INFO RSAFileKeyManager] Which2: 'chmod'
[2024-11-18 08:41:59Z INFO RSAFileKeyManager] Location: '/bin/chmod'
[2024-11-18 08:41:59Z INFO HostContext] Well known directory 'Bin': '/Users/chubo/Work/ReactNative_cicd/actions-runner/bin'
[2024-11-18 08:41:59Z INFO HostContext] Well known directory 'Root': '/Users/chubo/Work/ReactNative_cicd/actions-runner'
[2024-11-18 08:41:59Z INFO ProcessInvokerWrapper] Starting process:
[2024-11-18 08:41:59Z INFO ProcessInvokerWrapper]   File name: '/bin/chmod'
[2024-11-18 08:41:59Z INFO ProcessInvokerWrapper]   Arguments: '600 /Users/chubo/Work/ReactNative_cicd/actions-runner/.credentials_rsaparams'
[2024-11-18 08:41:59Z INFO ProcessInvokerWrapper]   Working directory: '/Users/chubo/Work/ReactNative_cicd/actions-runner'
[2024-11-18 08:41:59Z INFO ProcessInvokerWrapper]   Require exit code zero: 'False'
[2024-11-18 08:41:59Z INFO ProcessInvokerWrapper]   Encoding web name:  ; code page: ''
[2024-11-18 08:41:59Z INFO ProcessInvokerWrapper]   Force kill process on cancellation: 'False'
[2024-11-18 08:41:59Z INFO ProcessInvokerWrapper]   Redirected STDIN: 'False'
[2024-11-18 08:41:59Z INFO ProcessInvokerWrapper]   Persist current code page: 'False'
[2024-11-18 08:41:59Z INFO ProcessInvokerWrapper]   Keep redirected STDIN open: 'False'
[2024-11-18 08:41:59Z INFO ProcessInvokerWrapper]   High priority process: 'False'
[2024-11-18 08:41:59Z INFO ProcessInvokerWrapper] Process started with process id 65730, waiting for process exit.
[2024-11-18 08:41:59Z INFO ProcessInvokerWrapper] STDOUT/STDERR stream read finished.
[2024-11-18 08:41:59Z INFO ProcessInvokerWrapper] STDOUT/STDERR stream read finished.
[2024-11-18 08:41:59Z INFO ProcessInvokerWrapper] Finished process 65730 with exit code 0, and elapsed time 00:00:00.2019433.
[2024-11-18 08:41:59Z INFO RSAFileKeyManager] Successfully set permissions for RSA key parameters file /Users/chubo/Work/ReactNative_cicd/actions-runner/.credentials_rsaparams
[2024-11-18 08:42:00Z INFO CommandSettings] Arg 'runnergroup': ''
[2024-11-18 08:42:00Z INFO CommandSettings] Flag 'unattended': 'False'
[2024-11-18 08:42:00Z INFO PromptManager] ReadValue
[2024-11-18 08:42:00Z INFO Terminal] WRITE: Enter the name of the runner group to add this runner to: 
[2024-11-18 08:42:00Z INFO Terminal] WRITE: [press Enter for Default] 
[2024-11-18 08:42:00Z INFO Terminal] READ LINE
[2024-11-18 08:42:02Z INFO Terminal] Read value: ''
[2024-11-18 08:42:02Z INFO PromptManager] Falling back to the default: 'Default'
[2024-11-18 08:42:02Z INFO Terminal] WRITE LINE: 
[2024-11-18 08:42:02Z INFO ConfigurationManager] Found a self-hosted runner group with id 1 and name Default
[2024-11-18 08:42:02Z INFO CommandSettings] Flag 'disableupdate': 'False'
[2024-11-18 08:42:02Z INFO CommandSettings] Flag 'ephemeral': 'False'
[2024-11-18 08:42:02Z INFO CommandSettings] Arg 'name': ''
[2024-11-18 08:42:02Z INFO CommandSettings] Flag 'unattended': 'False'
[2024-11-18 08:42:02Z INFO PromptManager] ReadValue
[2024-11-18 08:42:02Z INFO Terminal] WRITE: Enter the name of runner: 
[2024-11-18 08:42:02Z INFO Terminal] WRITE: [press Enter for chubos-MacBook-Pro] 
[2024-11-18 08:42:02Z INFO Terminal] READ LINE
[2024-11-18 08:42:02Z INFO Terminal] Read value: ''
[2024-11-18 08:42:02Z INFO PromptManager] Falling back to the default: 'chubos-MacBook-Pro'
[2024-11-18 08:42:02Z INFO Terminal] WRITE LINE: 
[2024-11-18 08:42:02Z INFO CommandSettings] Arg 'labels': ''
[2024-11-18 08:42:02Z INFO CommandSettings] Flag 'unattended': 'False'
[2024-11-18 08:42:02Z INFO PromptManager] ReadValue
[2024-11-18 08:42:02Z INFO Terminal] WRITE: This runner will have the following labels: 'self-hosted', 'macOS', 'X64' 
Enter any additional labels (ex. label-1,label-2): 
[2024-11-18 08:42:02Z INFO Terminal] WRITE: [press Enter to skip] 
[2024-11-18 08:42:02Z INFO Terminal] READ LINE
[2024-11-18 08:42:02Z INFO Terminal] Read value: ''
[2024-11-18 08:42:02Z INFO Terminal] WRITE LINE: 
[2024-11-18 08:42:03Z INFO CommandSettings] Flag 'disableupdate': 'False'
[2024-11-18 08:42:03Z INFO CommandSettings] Flag 'no-default-labels': 'False'
[2024-11-18 08:42:03Z INFO CommandSettings] Flag 'disableupdate': 'False'
[2024-11-18 08:42:03Z INFO CommandSettings] Flag 'ephemeral': 'False'
[2024-11-18 08:42:03Z INFO ConfigurationStore] Saving OAuth credential @ /Users/chubo/Work/ReactNative_cicd/actions-runner/.credentials
[2024-11-18 08:42:03Z INFO ConfigurationStore] Credentials Saved.
[2024-11-18 08:42:03Z INFO ConfigurationStore] HasCredentials()
[2024-11-18 08:42:03Z INFO ConfigurationStore] stored True
[2024-11-18 08:42:03Z INFO CredentialManager] GetCredentialProvider
[2024-11-18 08:42:03Z INFO CredentialManager] Creating type OAuth
[2024-11-18 08:42:03Z INFO CredentialManager] Creating credential type: OAuth
[2024-11-18 08:42:03Z INFO RSAFileKeyManager] Loading RSA key parameters from file /Users/chubo/Work/ReactNative_cicd/actions-runner/.credentials_rsaparams
[2024-11-18 08:42:03Z INFO RunnerServer] EstablishVssConnection
[2024-11-18 08:42:03Z INFO RunnerServer] Establish connection with 100 seconds timeout.
[2024-11-18 08:42:03Z INFO GitHubActionsService] Starting operation Location.GetConnectionData
[2024-11-18 08:42:03Z INFO RunnerServer] EstablishVssConnection
[2024-11-18 08:42:03Z INFO RunnerServer] Establish connection with 60 seconds timeout.
[2024-11-18 08:42:03Z INFO GitHubActionsService] Starting operation Location.GetConnectionData
[2024-11-18 08:42:03Z INFO RunnerServer] EstablishVssConnection
[2024-11-18 08:42:03Z INFO RunnerServer] Establish connection with 60 seconds timeout.
[2024-11-18 08:42:03Z INFO GitHubActionsService] Starting operation Location.GetConnectionData
[2024-11-18 08:42:04Z INFO GitHubActionsService] Finished operation Location.GetConnectionData
[2024-11-18 08:42:04Z INFO GitHubActionsService] Finished operation Location.GetConnectionData
[2024-11-18 08:42:04Z INFO GitHubActionsService] Finished operation Location.GetConnectionData
[2024-11-18 08:42:05Z INFO RSAFileKeyManager] Loading RSA key parameters from file /Users/chubo/Work/ReactNative_cicd/actions-runner/.credentials_rsaparams
[2024-11-18 08:42:05Z INFO RSAFileKeyManager] Loading RSA key parameters from file /Users/chubo/Work/ReactNative_cicd/actions-runner/.credentials_rsaparams
[2024-11-18 08:42:06Z INFO GitHubActionsService] AAD Correlation ID for this token request: Unknown
[2024-11-18 08:42:06Z INFO CommandSettings] Arg 'work': ''
[2024-11-18 08:42:06Z INFO CommandSettings] Flag 'unattended': 'False'
[2024-11-18 08:42:06Z INFO PromptManager] ReadValue
[2024-11-18 08:42:06Z INFO Terminal] WRITE: Enter name of work folder: 
[2024-11-18 08:42:06Z INFO Terminal] WRITE: [press Enter for _work] 
[2024-11-18 08:42:06Z INFO Terminal] READ LINE
[2024-11-18 08:42:06Z INFO Terminal] Read value: ''
[2024-11-18 08:42:06Z INFO PromptManager] Falling back to the default: '_work'
[2024-11-18 08:42:06Z INFO ConfigurationStore] Saving runner settings.
[2024-11-18 08:42:06Z INFO ConfigurationStore] Settings Saved.
[2024-11-18 08:42:06Z INFO Terminal] WRITE LINE: 
[2024-11-18 08:42:06Z INFO Terminal] WRITE LINE: 
[2024-11-18 08:42:06Z INFO OsxServiceControlManager] Service name 'actions.runner.chubo274-ReactNative_cicd.chubos-MacBook-Pro' display name 'GitHub Actions Runner (chubo274-ReactNative_cicd.chubos-MacBook-Pro)' will be used for service configuration.
[2024-11-18 08:42:06Z INFO HostContext] Well known directory 'Bin': '/Users/chubo/Work/ReactNative_cicd/actions-runner/bin'
[2024-11-18 08:42:06Z INFO HostContext] Well known directory 'Root': '/Users/chubo/Work/ReactNative_cicd/actions-runner'
[2024-11-18 08:42:06Z INFO HostContext] Well known directory 'Bin': '/Users/chubo/Work/ReactNative_cicd/actions-runner/bin'
[2024-11-18 08:42:06Z INFO HostContext] Well known directory 'Bin': '/Users/chubo/Work/ReactNative_cicd/actions-runner/bin'
[2024-11-18 08:42:06Z INFO HostContext] Well known directory 'Root': '/Users/chubo/Work/ReactNative_cicd/actions-runner'
[2024-11-18 08:42:06Z INFO UnixUtil] Which2: 'chmod'
[2024-11-18 08:42:06Z INFO UnixUtil] Location: '/bin/chmod'
[2024-11-18 08:42:06Z INFO UnixUtil] Running /bin/chmod 755 "/Users/chubo/Work/ReactNative_cicd/actions-runner/svc.sh"
[2024-11-18 08:42:06Z INFO ProcessInvokerWrapper] Starting process:
[2024-11-18 08:42:06Z INFO ProcessInvokerWrapper]   File name: '/bin/chmod'
[2024-11-18 08:42:06Z INFO ProcessInvokerWrapper]   Arguments: '755 "/Users/chubo/Work/ReactNative_cicd/actions-runner/svc.sh"'
[2024-11-18 08:42:06Z INFO ProcessInvokerWrapper]   Working directory: '/Users/chubo/Work/ReactNative_cicd/actions-runner'
[2024-11-18 08:42:06Z INFO ProcessInvokerWrapper]   Require exit code zero: 'True'
[2024-11-18 08:42:06Z INFO ProcessInvokerWrapper]   Encoding web name:  ; code page: ''
[2024-11-18 08:42:06Z INFO ProcessInvokerWrapper]   Force kill process on cancellation: 'False'
[2024-11-18 08:42:06Z INFO ProcessInvokerWrapper]   Redirected STDIN: 'False'
[2024-11-18 08:42:06Z INFO ProcessInvokerWrapper]   Persist current code page: 'False'
[2024-11-18 08:42:06Z INFO ProcessInvokerWrapper]   Keep redirected STDIN open: 'False'
[2024-11-18 08:42:06Z INFO ProcessInvokerWrapper]   High priority process: 'False'
[2024-11-18 08:42:06Z INFO ProcessInvokerWrapper] Process started with process id 65753, waiting for process exit.
[2024-11-18 08:42:06Z INFO ProcessInvokerWrapper] STDOUT/STDERR stream read finished.
[2024-11-18 08:42:06Z INFO ProcessInvokerWrapper] STDOUT/STDERR stream read finished.
[2024-11-18 08:42:06Z INFO ProcessInvokerWrapper] Finished process 65753 with exit code 0, and elapsed time 00:00:00.0285063.
[2024-11-18 08:42:06Z INFO Listener] Runner execution has finished with return code 0
