[2024-11-18 08:47:25Z INFO HostContext] No proxy settings were found based on environmental variables (http_proxy/https_proxy/HTTP_PROXY/HTTPS_PROXY)
[2024-11-18 08:47:25Z INFO HostContext] Well known directory 'Bin': '/Users/chubo/Work/ReactNative_cicd/actions-runner/bin'
[2024-11-18 08:47:25Z INFO HostContext] Well known directory 'Root': '/Users/chubo/Work/ReactNative_cicd/actions-runner'
[2024-11-18 08:47:25Z INFO HostContext] Well known config file 'Credentials': '/Users/chubo/Work/ReactNative_cicd/actions-runner/.credentials'
[2024-11-18 08:47:25Z INFO HostContext] Well known directory 'Bin': '/Users/chubo/Work/ReactNative_cicd/actions-runner/bin'
[2024-11-18 08:47:25Z INFO HostContext] Well known directory 'Root': '/Users/chubo/Work/ReactNative_cicd/actions-runner'
[2024-11-18 08:47:25Z INFO HostContext] Well known config file 'Runner': '/Users/chubo/Work/ReactNative_cicd/actions-runner/.runner'
[2024-11-18 08:47:25Z INFO Listener] Runner is built for OSX (X64) - osx-x64.
[2024-11-18 08:47:25Z INFO Listener] RuntimeInformation: Darwin 23.1.0 Darwin Kernel Version 23.1.0: Mon Oct  9 21:28:12 PDT 2023; root:xnu-10002.41.9~6/RELEASE_ARM64_T8103.
[2024-11-18 08:47:25Z INFO Listener] Version: 2.321.0
[2024-11-18 08:47:25Z INFO Listener] Commit: e249007931b7c8e857797fa259c167f0bd4f997a
[2024-11-18 08:47:25Z INFO Listener] Culture: en-US
[2024-11-18 08:47:25Z INFO Listener] UI Culture: en-US
[2024-11-18 08:47:25Z INFO HostContext] Well known directory 'Bin': '/Users/chubo/Work/ReactNative_cicd/actions-runner/bin'
[2024-11-18 08:47:25Z INFO HostContext] Well known directory 'Root': '/Users/chubo/Work/ReactNative_cicd/actions-runner'
[2024-11-18 08:47:25Z INFO Listener] Validating directory permissions for: '/Users/chubo/Work/ReactNative_cicd/actions-runner'
[2024-11-18 08:47:25Z INFO CommandLineParser] Parse
[2024-11-18 08:47:25Z INFO CommandLineParser] Parsing 1 args
[2024-11-18 08:47:25Z INFO CommandLineParser] parsing argument
[2024-11-18 08:47:25Z INFO CommandLineParser] HasArgs: False
[2024-11-18 08:47:25Z INFO CommandLineParser] Adding Command: run
[2024-11-18 08:47:25Z INFO Listener] Arguments parsed
[2024-11-18 08:47:25Z INFO Runner] ExecuteCommand
[2024-11-18 08:47:25Z INFO ConfigurationStore] currentAssemblyLocation: /Users/chubo/Work/ReactNative_cicd/actions-runner/bin/Runner.Listener.dll
[2024-11-18 08:47:25Z INFO HostContext] Well known directory 'Bin': '/Users/chubo/Work/ReactNative_cicd/actions-runner/bin'
[2024-11-18 08:47:25Z INFO ConfigurationStore] binPath: /Users/chubo/Work/ReactNative_cicd/actions-runner/bin
[2024-11-18 08:47:25Z INFO HostContext] Well known directory 'Bin': '/Users/chubo/Work/ReactNative_cicd/actions-runner/bin'
[2024-11-18 08:47:25Z INFO HostContext] Well known directory 'Root': '/Users/chubo/Work/ReactNative_cicd/actions-runner'
[2024-11-18 08:47:25Z INFO ConfigurationStore] RootFolder: /Users/chubo/Work/ReactNative_cicd/actions-runner
[2024-11-18 08:47:25Z INFO HostContext] Well known directory 'Bin': '/Users/chubo/Work/ReactNative_cicd/actions-runner/bin'
[2024-11-18 08:47:25Z INFO HostContext] Well known directory 'Root': '/Users/chubo/Work/ReactNative_cicd/actions-runner'
[2024-11-18 08:47:25Z INFO HostContext] Well known config file 'Runner': '/Users/chubo/Work/ReactNative_cicd/actions-runner/.runner'
[2024-11-18 08:47:25Z INFO ConfigurationStore] ConfigFilePath: /Users/chubo/Work/ReactNative_cicd/actions-runner/.runner
[2024-11-18 08:47:25Z INFO HostContext] Well known directory 'Bin': '/Users/chubo/Work/ReactNative_cicd/actions-runner/bin'
[2024-11-18 08:47:25Z INFO HostContext] Well known directory 'Root': '/Users/chubo/Work/ReactNative_cicd/actions-runner'
[2024-11-18 08:47:25Z INFO HostContext] Well known config file 'Credentials': '/Users/chubo/Work/ReactNative_cicd/actions-runner/.credentials'
[2024-11-18 08:47:25Z INFO ConfigurationStore] CredFilePath: /Users/chubo/Work/ReactNative_cicd/actions-runner/.credentials
[2024-11-18 08:47:25Z INFO HostContext] Well known directory 'Bin': '/Users/chubo/Work/ReactNative_cicd/actions-runner/bin'
[2024-11-18 08:47:25Z INFO HostContext] Well known directory 'Root': '/Users/chubo/Work/ReactNative_cicd/actions-runner'
[2024-11-18 08:47:25Z INFO HostContext] Well known config file 'MigratedCredentials': '/Users/chubo/Work/ReactNative_cicd/actions-runner/.credentials_migrated'
[2024-11-18 08:47:25Z INFO ConfigurationStore] MigratedCredFilePath: /Users/chubo/Work/ReactNative_cicd/actions-runner/.credentials_migrated
[2024-11-18 08:47:25Z INFO HostContext] Well known directory 'Bin': '/Users/chubo/Work/ReactNative_cicd/actions-runner/bin'
[2024-11-18 08:47:25Z INFO HostContext] Well known directory 'Root': '/Users/chubo/Work/ReactNative_cicd/actions-runner'
[2024-11-18 08:47:25Z INFO HostContext] Well known config file 'Service': '/Users/chubo/Work/ReactNative_cicd/actions-runner/.service'
[2024-11-18 08:47:25Z INFO ConfigurationStore] ServiceConfigFilePath: /Users/chubo/Work/ReactNative_cicd/actions-runner/.service
[2024-11-18 08:47:25Z INFO CommandSettings] Flag 'help': 'False'
[2024-11-18 08:47:25Z INFO CommandSettings] Flag 'version': 'False'
[2024-11-18 08:47:25Z INFO CommandSettings] Flag 'commit': 'False'
[2024-11-18 08:47:25Z INFO CommandSettings] Flag 'check': 'False'
[2024-11-18 08:47:25Z INFO CommandSettings] Command 'configure': 'False'
[2024-11-18 08:47:25Z INFO CommandSettings] Command 'remove': 'False'
[2024-11-18 08:47:25Z INFO CommandSettings] Command 'warmup': 'False'
[2024-11-18 08:47:25Z INFO ConfigurationManager] LoadSettings
[2024-11-18 08:47:25Z INFO ConfigurationStore] IsConfigured()
[2024-11-18 08:47:25Z INFO ConfigurationStore] IsConfigured: True
[2024-11-18 08:47:25Z INFO ConfigurationManager] Is configured: True
[2024-11-18 08:47:25Z INFO ConfigurationStore] Read setting file: 310 chars
[2024-11-18 08:47:25Z INFO ConfigurationManager] Settings Loaded
[2024-11-18 08:47:25Z INFO ConfigurationStore] IsServiceConfigured()
[2024-11-18 08:47:25Z INFO ConfigurationStore] IsServiceConfigured: False
[2024-11-18 08:47:25Z INFO CommandSettings] Command 'run': 'True'
[2024-11-18 08:47:25Z INFO ConfigurationStore] IsConfigured()
[2024-11-18 08:47:25Z INFO ConfigurationStore] IsConfigured: True
[2024-11-18 08:47:25Z INFO ConfigurationManager] Is configured: True
[2024-11-18 08:47:25Z INFO Runner] Could not parse the argument value '' for StartupType. Defaulting to Manual
[2024-11-18 08:47:25Z INFO Runner] Set runner startup type - Manual
[2024-11-18 08:47:25Z INFO CommandSettings] Flag 'once': 'False'
[2024-11-18 08:47:25Z INFO CommandSettings] Flag 'once': 'False'
[2024-11-18 08:47:25Z INFO Runner] RunAsync
[2024-11-18 08:47:25Z INFO ConfigurationManager] LoadSettings
[2024-11-18 08:47:25Z INFO ConfigurationStore] IsConfigured()
[2024-11-18 08:47:25Z INFO ConfigurationStore] IsConfigured: True
[2024-11-18 08:47:25Z INFO ConfigurationManager] Is configured: True
[2024-11-18 08:47:25Z INFO ConfigurationManager] Settings Loaded
[2024-11-18 08:47:25Z INFO MessageListener] {
  "AgentId": 3,
  "AgentName": "chubos-MacBook-Pro",
  "PoolId": 1,
  "PoolName": "Default",
  "ServerUrl": "https://pipelinesghubeus15.actions.githubusercontent.com/iRMamDhaLXUnItNc8XfQdgtn1IcoR8Wpo0lH8282D4fhi8Atwd/",
  "GitHubUrl": "https://github.com/chubo274/ReactNative_cicd",
  "WorkFolder": "_work"
}
[2024-11-18 08:47:25Z INFO MessageListener] Loading Credentials
[2024-11-18 08:47:25Z INFO ConfigurationStore] HasCredentials()
[2024-11-18 08:47:25Z INFO ConfigurationStore] stored True
[2024-11-18 08:47:25Z INFO CredentialManager] GetCredentialProvider
[2024-11-18 08:47:25Z INFO CredentialManager] Creating type OAuth
[2024-11-18 08:47:25Z INFO CredentialManager] Creating credential type: OAuth
[2024-11-18 08:47:25Z INFO HostContext] Well known directory 'Bin': '/Users/chubo/Work/ReactNative_cicd/actions-runner/bin'
[2024-11-18 08:47:25Z INFO HostContext] Well known directory 'Root': '/Users/chubo/Work/ReactNative_cicd/actions-runner'
[2024-11-18 08:47:25Z INFO HostContext] Well known config file 'RSACredentials': '/Users/chubo/Work/ReactNative_cicd/actions-runner/.credentials_rsaparams'
[2024-11-18 08:47:25Z INFO RSAFileKeyManager] Loading RSA key parameters from file /Users/chubo/Work/ReactNative_cicd/actions-runner/.credentials_rsaparams
[2024-11-18 08:47:25Z INFO MessageListener] Attempt to create session.
[2024-11-18 08:47:25Z INFO MessageListener] Connecting to the Runner Server...
[2024-11-18 08:47:25Z INFO RunnerServer] EstablishVssConnection
[2024-11-18 08:47:25Z INFO RunnerServer] Establish connection with 100 seconds timeout.
[2024-11-18 08:47:26Z INFO GitHubActionsService] Starting operation Location.GetConnectionData
[2024-11-18 08:47:26Z INFO RunnerServer] EstablishVssConnection
[2024-11-18 08:47:26Z INFO RunnerServer] Establish connection with 60 seconds timeout.
[2024-11-18 08:47:26Z INFO GitHubActionsService] Starting operation Location.GetConnectionData
[2024-11-18 08:47:26Z INFO RunnerServer] EstablishVssConnection
[2024-11-18 08:47:26Z INFO RunnerServer] Establish connection with 60 seconds timeout.
[2024-11-18 08:47:26Z INFO GitHubActionsService] Starting operation Location.GetConnectionData
[2024-11-18 08:47:27Z INFO GitHubActionsService] Finished operation Location.GetConnectionData
[2024-11-18 08:47:27Z INFO GitHubActionsService] Finished operation Location.GetConnectionData
[2024-11-18 08:47:27Z INFO GitHubActionsService] Finished operation Location.GetConnectionData
[2024-11-18 08:47:27Z INFO MessageListener] VssConnection created
[2024-11-18 08:47:27Z INFO Terminal] WRITE LINE: 
[2024-11-18 08:47:27Z INFO Terminal] WRITE LINE: 
[2024-11-18 08:47:27Z INFO RSAFileKeyManager] Loading RSA key parameters from file /Users/chubo/Work/ReactNative_cicd/actions-runner/.credentials_rsaparams
[2024-11-18 08:47:27Z INFO RSAFileKeyManager] Loading RSA key parameters from file /Users/chubo/Work/ReactNative_cicd/actions-runner/.credentials_rsaparams
[2024-11-18 08:47:29Z INFO GitHubActionsService] AAD Correlation ID for this token request: Unknown
[2024-11-18 08:47:29Z INFO MessageListener] Session created.
[2024-11-18 08:47:29Z INFO Terminal] WRITE LINE: Current runner version: '2.321.0'
[2024-11-18 08:47:29Z INFO Terminal] WRITE LINE: 2024-11-18 08:47:29Z: Listening for Jobs
[2024-11-18 08:47:29Z INFO JobDispatcher] Set runner/worker IPC timeout to 30 seconds.
[2024-11-18 08:47:29Z INFO RSAFileKeyManager] Loading RSA key parameters from file /Users/chubo/Work/ReactNative_cicd/actions-runner/.credentials_rsaparams
[2024-11-18 08:47:31Z INFO GitHubActionsService] AAD Correlation ID for this token request: Unknown
[2024-11-18 09:17:58Z INFO MessageListener] No message retrieved from session 'f64f28ba-1736-434e-bae2-c14e814472a4' within last 30 minutes.
[2024-11-18 09:38:18Z INFO RSAFileKeyManager] Loading RSA key parameters from file /Users/chubo/Work/ReactNative_cicd/actions-runner/.credentials_rsaparams
[2024-11-18 09:38:19Z INFO GitHubActionsService] AAD Correlation ID for this token request: Unknown
[2024-11-18 09:42:33Z INFO RSAFileKeyManager] Loading RSA key parameters from file /Users/chubo/Work/ReactNative_cicd/actions-runner/.credentials_rsaparams
[2024-11-18 09:42:34Z INFO GitHubActionsService] AAD Correlation ID for this token request: Unknown
